<?xml version="1.0" encoding="UTF-8"?>
<testng-results ignored="0" total="1" passed="1" failed="0" skipped="0">
  <reporter-output>
  </reporter-output>
  <suite started-at="2026-06-25T18:18:15 IST" name="Default suite" finished-at="2026-06-25T18:18:21 IST" duration-ms="5300">
    <groups>
    </groups>
    <test started-at="2026-06-25T18:18:15 IST" name="Default test" finished-at="2026-06-25T18:18:21 IST" duration-ms="5300">
      <class name="GitPractice.LoginTest">
        <test-method signature="loginTest()[pri:0, instance:GitPractice.LoginTest@2f9f7dcf]" started-at="2026-06-25T18:18:15 IST" name="loginTest" finished-at="2026-06-25T18:18:21 IST" duration-ms="5266" status="PASS">
          <reporter-output>
          </reporter-output>
        </test-method> <!-- loginTest -->
      </class> <!-- GitPractice.LoginTest -->
    </test> <!-- Default test -->
  </suite> <!-- Default suite -->
</testng-results>
